JobId=1129533 JobName=script.sh
   UserId=kanderer29(4373) GroupId=macke(4017) MCS_label=N/A
   Priority=57390 Nice=0 Account=macke QOS=normal
   JobState=RUNNING Reason=None Dependency=(null)
   Requeue=1 Restarts=0 BatchFlag=1 Reboot=0 ExitCode=0:0
   RunTime=00:00:01 TimeLimit=1-00:00:00 TimeMin=N/A
   SubmitTime=2022-01-17T10:16:10 EligibleTime=2022-01-17T10:16:10
   AccrueTime=2022-01-17T10:16:11
   StartTime=2022-01-17T10:16:11 EndTime=2022-01-18T10:16:11 Deadline=N/A
   PreemptEligibleTime=2022-01-17T10:17:11 PreemptTime=None
   SuspendTime=None SecsPreSuspend=0 LastSchedEval=2022-01-17T10:16:11
   Partition=cpu-long AllocNode:Sid=bg-slurmb-login1:12346
   ReqNodeList=(null) ExcNodeList=(null)
   NodeList=slurm-cpu-hm-5
   BatchHost=slurm-cpu-hm-5
   NumNodes=1 NumCPUs=64 NumTasks=1 CPUs/Task=64 ReqB:S:C:T=0:0:*:*
   TRES=cpu=64,mem=70G,node=1,billing=11
   Socks/Node=* NtasksPerN:B:S:C=0:0:*:* CoreSpec=*
   MinCPUsNode=64 MinMemoryNode=70G MinTmpDiskNode=0
   Features=(null) DelayBoot=00:00:00
   OverSubscribe=OK Contiguous=0 Licenses=(null) Network=(null)
   Command=/mnt/qb/home/macke/kanderer29/sbi_for_eeg_data/script.sh
   WorkDir=/mnt/qb/home/macke/kanderer29/sbi_for_eeg_data
   StdErr=/mnt/qb/home/macke/kanderer29/sbi_for_eeg_data/hostname_1129533.err
   StdIn=/dev/null
   StdOut=/mnt/qb/home/macke/kanderer29/sbi_for_eeg_data/hostname_1129533.out
   Power=
   MailUser=k.anderer@t-online.de MailType=END
   NtasksPerTRES:0

