JobId=1132826 JobName=script.sh
   UserId=kanderer29(4373) GroupId=macke(4017) MCS_label=N/A
   Priority=57390 Nice=0 Account=macke QOS=normal
   JobState=RUNNING Reason=None Dependency=(null)
   Requeue=1 Restarts=0 BatchFlag=1 Reboot=0 ExitCode=0:0
   RunTime=00:00:00 TimeLimit=3-00:00:00 TimeMin=N/A
   SubmitTime=2022-01-18T18:07:11 EligibleTime=2022-01-18T18:07:11
   AccrueTime=2022-01-18T18:07:12
   StartTime=2022-01-18T18:07:12 EndTime=2022-01-21T18:07:12 Deadline=N/A
   PreemptEligibleTime=2022-01-18T18:08:12 PreemptTime=None
   SuspendTime=None SecsPreSuspend=0 LastSchedEval=2022-01-18T18:07:12
   Partition=cpu-long AllocNode:Sid=bg-slurmb-login1:5758
   ReqNodeList=(null) ExcNodeList=(null)
   NodeList=slurm-cpu-hm-1
   BatchHost=slurm-cpu-hm-1
   NumNodes=1 NumCPUs=64 NumTasks=1 CPUs/Task=64 ReqB:S:C:T=0:0:*:*
   TRES=cpu=64,mem=70G,node=1,billing=11
   Socks/Node=* NtasksPerN:B:S:C=0:0:*:* CoreSpec=*
   MinCPUsNode=64 MinMemoryNode=70G MinTmpDiskNode=0
   Features=(null) DelayBoot=00:00:00
   OverSubscribe=OK Contiguous=0 Licenses=(null) Network=(null)
   Command=/mnt/qb/home/macke/kanderer29/sbi_for_eeg_data/code/script.sh
   WorkDir=/mnt/qb/home/macke/kanderer29/sbi_for_eeg_data/code
   StdErr=/mnt/qb/home/macke/kanderer29/sbi_for_eeg_data/code/hostname_1132826.err
   StdIn=/dev/null
   StdOut=/mnt/qb/home/macke/kanderer29/sbi_for_eeg_data/code/hostname_1132826.out
   Power=
   MailUser=k.anderer@t-online.de MailType=END
   NtasksPerTRES:0

new experiment
/mnt/qb/work/macke/kanderer29/results/10000_sims_6_params
file exists
step files exist
<class 'torch.Tensor'>
2 params investigated
early stop 90.0
param size  2
is here the problem?
<class 'torch.Tensor'>
2 params investigated
early stop 90.0
param size  2
is here the problem?
