JobId=843791 JobName=script.sh
   UserId=kanderer29(4373) GroupId=macke(4017) MCS_label=N/A
   Priority=63164 Nice=0 Account=macke QOS=normal
   JobState=RUNNING Reason=None Dependency=(null)
   Requeue=1 Restarts=0 BatchFlag=1 Reboot=0 ExitCode=0:0
   RunTime=00:00:01 TimeLimit=1-00:00:00 TimeMin=N/A
   SubmitTime=2021-11-22T10:13:52 EligibleTime=2021-11-22T10:13:52
   AccrueTime=2021-11-22T10:13:53
   StartTime=2021-11-22T10:13:53 EndTime=2021-11-23T10:13:53 Deadline=N/A
   PreemptEligibleTime=2021-11-22T10:14:53 PreemptTime=None
   SuspendTime=None SecsPreSuspend=0 LastSchedEval=2021-11-22T10:13:53
   Partition=cpu-long AllocNode:Sid=bg-slurmb-login1:15047
   ReqNodeList=(null) ExcNodeList=(null)
   NodeList=slurm-cpu-hm-8
   BatchHost=slurm-cpu-hm-8
   NumNodes=1 NumCPUs=64 NumTasks=1 CPUs/Task=64 ReqB:S:C:T=0:0:*:*
   TRES=cpu=64,mem=50G,node=1,billing=11
   Socks/Node=* NtasksPerN:B:S:C=0:0:*:* CoreSpec=*
   MinCPUsNode=64 MinMemoryNode=50G MinTmpDiskNode=0
   Features=(null) DelayBoot=00:00:00
   OverSubscribe=OK Contiguous=0 Licenses=(null) Network=(null)
   Command=/mnt/qb/home/macke/kanderer29/sbi_for_eeg_data/code/script.sh
   WorkDir=/mnt/qb/home/macke/kanderer29/sbi_for_eeg_data/code
   StdErr=/mnt/qb/home/macke/kanderer29/sbi_for_eeg_data/code/hostname_843791.err
   StdIn=/dev/null
   StdOut=/mnt/qb/home/macke/kanderer29/sbi_for_eeg_data/code/hostname_843791.out
   Power=
   MailUser=k.anderer@t-online.de MailType=END

