JobId=865038 JobName=script.sh
   UserId=kanderer29(4373) GroupId=macke(4017) MCS_label=N/A
   Priority=63302 Nice=0 Account=macke QOS=normal
   JobState=RUNNING Reason=None Dependency=(null)
   Requeue=1 Restarts=0 BatchFlag=1 Reboot=0 ExitCode=0:0
   RunTime=00:00:01 TimeLimit=03:00:00 TimeMin=N/A
   SubmitTime=2021-11-23T20:24:15 EligibleTime=2021-11-23T20:24:15
   AccrueTime=2021-11-23T20:24:15
   StartTime=2021-11-23T20:24:15 EndTime=2021-11-23T23:24:15 Deadline=N/A
   PreemptEligibleTime=2021-11-23T20:25:15 PreemptTime=None
   SuspendTime=None SecsPreSuspend=0 LastSchedEval=2021-11-23T20:24:15
   Partition=cpu-short AllocNode:Sid=bg-slurmb-login1:30043
   ReqNodeList=(null) ExcNodeList=(null)
   NodeList=slurm-cpu-hm-3
   BatchHost=slurm-cpu-hm-3
   NumNodes=1 NumCPUs=64 NumTasks=1 CPUs/Task=64 ReqB:S:C:T=0:0:*:*
   TRES=cpu=64,mem=50G,node=1,billing=13
   Socks/Node=* NtasksPerN:B:S:C=0:0:*:* CoreSpec=*
   MinCPUsNode=64 MinMemoryNode=50G MinTmpDiskNode=0
   Features=(null) DelayBoot=00:00:00
   OverSubscribe=OK Contiguous=0 Licenses=(null) Network=(null)
   Command=/mnt/qb/home/macke/kanderer29/sbi_for_eeg_data/code/script.sh
   WorkDir=/mnt/qb/home/macke/kanderer29/sbi_for_eeg_data/code
   StdErr=/mnt/qb/home/macke/kanderer29/sbi_for_eeg_data/code/hostname_865038.err
   StdIn=/dev/null
   StdOut=/mnt/qb/home/macke/kanderer29/sbi_for_eeg_data/code/hostname_865038.out
   Power=
   MailUser=k.anderer@t-online.de MailType=END

