JobId=1029773 JobName=script.sh
   UserId=kanderer29(4373) GroupId=macke(4017) MCS_label=N/A
   Priority=63932 Nice=0 Account=macke QOS=normal
   JobState=RUNNING Reason=None Dependency=(null)
   Requeue=1 Restarts=0 BatchFlag=1 Reboot=0 ExitCode=0:0
   RunTime=00:00:01 TimeLimit=12:00:00 TimeMin=N/A
   SubmitTime=2021-12-20T22:07:28 EligibleTime=2021-12-20T22:07:28
   AccrueTime=2021-12-20T22:07:28
   StartTime=2021-12-20T22:07:28 EndTime=2021-12-21T10:07:28 Deadline=N/A
   PreemptEligibleTime=2021-12-20T22:08:28 PreemptTime=None
   SuspendTime=None SecsPreSuspend=0 LastSchedEval=2021-12-20T22:07:28
   Partition=cpu-short AllocNode:Sid=bg-slurmb-login1:8284
   ReqNodeList=(null) ExcNodeList=(null)
   NodeList=slurm-cpu-hm-5
   BatchHost=slurm-cpu-hm-5
   NumNodes=1 NumCPUs=30 NumTasks=1 CPUs/Task=30 ReqB:S:C:T=0:0:*:*
   TRES=cpu=30,mem=50G,node=1,billing=6
   Socks/Node=* NtasksPerN:B:S:C=0:0:*:* CoreSpec=*
   MinCPUsNode=30 MinMemoryNode=50G MinTmpDiskNode=0
   Features=(null) DelayBoot=00:00:00
   OverSubscribe=OK Contiguous=0 Licenses=(null) Network=(null)
   Command=/mnt/qb/home/macke/kanderer29/sbi_for_eeg_data/code/script.sh
   WorkDir=/mnt/qb/home/macke/kanderer29/sbi_for_eeg_data/code
   StdErr=/mnt/qb/home/macke/kanderer29/sbi_for_eeg_data/code/hostname_1029773.err
   StdIn=/dev/null
   StdOut=/mnt/qb/home/macke/kanderer29/sbi_for_eeg_data/code/hostname_1029773.out
   Power=
   MailUser=k.anderer@t-online.de MailType=END
   NtasksPerTRES:0

