JobId=1185526 JobName=script.sh
   UserId=kanderer29(4373) GroupId=macke(4017) MCS_label=N/A
   Priority=43914 Nice=0 Account=macke QOS=normal
   JobState=RUNNING Reason=None Dependency=(null)
   Requeue=1 Restarts=0 BatchFlag=1 Reboot=0 ExitCode=0:0
   RunTime=00:00:01 TimeLimit=3-00:00:00 TimeMin=N/A
   SubmitTime=2022-02-14T14:26:20 EligibleTime=2022-02-14T14:26:20
   AccrueTime=2022-02-14T14:26:20
   StartTime=2022-02-14T14:26:20 EndTime=2022-02-17T14:26:20 Deadline=N/A
   PreemptEligibleTime=2022-02-14T14:27:20 PreemptTime=None
   SuspendTime=None SecsPreSuspend=0 LastSchedEval=2022-02-14T14:26:20
   Partition=gpu-2080ti AllocNode:Sid=bg-slurmb-login1:23924
   ReqNodeList=(null) ExcNodeList=(null)
   NodeList=slurm-bm-49
   BatchHost=slurm-bm-49
   NumNodes=1 NumCPUs=64 NumTasks=1 CPUs/Task=64 ReqB:S:C:T=0:0:*:*
   TRES=cpu=64,mem=70G,node=1,billing=17
   Socks/Node=* NtasksPerN:B:S:C=0:0:*:* CoreSpec=*
   MinCPUsNode=64 MinMemoryNode=70G MinTmpDiskNode=0
   Features=(null) DelayBoot=00:00:00
   OverSubscribe=OK Contiguous=0 Licenses=(null) Network=(null)
   Command=/mnt/qb/home/macke/kanderer29/sbi_for_eeg_data/code/script.sh
   WorkDir=/mnt/qb/home/macke/kanderer29/sbi_for_eeg_data/code
   StdErr=/mnt/qb/home/macke/kanderer29/sbi_for_eeg_data/code/hostname_1185526.err
   StdIn=/dev/null
   StdOut=/mnt/qb/home/macke/kanderer29/sbi_for_eeg_data/code/hostname_1185526.out
   Power=
   MailUser=k.anderer@t-online.de MailType=END
   NtasksPerTRES:0

tensor([[2.7700e-01, 3.7390e-01, 3.9900e-02, 0.0000e+00, 6.2440e-01, 3.7390e-01,
         3.4000e-02, 0.0000e+00, 1.8977e+01, 1.1467e-02, 6.3370e-02, 1.2000e-05,
         1.3407e-02, 4.6610e-01, 7.6700e-02, 6.3080e+01, 5.0000e-06, 1.1671e-01,
         4.6729e+00, 1.6733e-02, 1.1468e-02, 6.1556e-02, 2.3300e+00, 6.7900e-02,
         1.2086e+02]])
[Parallel(n_jobs=1)]: Using backend SequentialBackend with 1 concurrent workers.
[Parallel(n_jobs=1)]: Done   1 out of   1 | elapsed:    0.0s remaining:    0.0s
[Parallel(n_jobs=1)]: Done   1 out of   1 | elapsed:    0.0s finished
