JobId=1125816 JobName=script.sh
   UserId=kanderer29(4373) GroupId=macke(4017) MCS_label=N/A
   Priority=60853 Nice=0 Account=macke QOS=normal
   JobState=RUNNING Reason=None Dependency=(null)
   Requeue=1 Restarts=0 BatchFlag=1 Reboot=0 ExitCode=0:0
   RunTime=00:00:22 TimeLimit=01:00:00 TimeMin=N/A
   SubmitTime=2022-01-13T10:26:36 EligibleTime=2022-01-13T10:26:36
   AccrueTime=2022-01-13T10:26:37
   StartTime=2022-01-13T10:26:37 EndTime=2022-01-13T11:26:37 Deadline=N/A
   PreemptEligibleTime=2022-01-13T10:27:37 PreemptTime=None
   SuspendTime=None SecsPreSuspend=0 LastSchedEval=2022-01-13T10:26:37
   Partition=cpu-short AllocNode:Sid=bg-slurmb-login1:20484
   ReqNodeList=(null) ExcNodeList=(null)
   NodeList=slurm-cpu-hm-1
   BatchHost=slurm-cpu-hm-1
   NumNodes=1 NumCPUs=20 NumTasks=1 CPUs/Task=20 ReqB:S:C:T=0:0:*:*
   TRES=cpu=20,mem=70G,node=1,billing=4
   Socks/Node=* NtasksPerN:B:S:C=0:0:*:* CoreSpec=*
   MinCPUsNode=20 MinMemoryNode=70G MinTmpDiskNode=0
   Features=(null) DelayBoot=00:00:00
   OverSubscribe=OK Contiguous=0 Licenses=(null) Network=(null)
   Command=/mnt/qb/home/macke/kanderer29/sbi_for_eeg_data/code/script.sh
   WorkDir=/mnt/qb/home/macke/kanderer29/sbi_for_eeg_data/code
   StdErr=/mnt/qb/home/macke/kanderer29/sbi_for_eeg_data/code/hostname_1125816.err
   StdIn=/dev/null
   StdOut=/mnt/qb/home/macke/kanderer29/sbi_for_eeg_data/code/hostname_1125816.out
   Power=
   MailUser=k.anderer@t-online.de MailType=END
   NtasksPerTRES:0

okay
slurm1 False
new experiment
line 141 /mnt/qb/home/macke/kanderer29/sbi_for_eeg_data/code
results/eval_features2/thetas.pt
running
3
params size torch.Size([2, 3])
3
params size torch.Size([3])
3 params are investigated
joblib will run over 1 jobs
Loading custom mechanism files from /home/macke/kanderer29/.conda/envs/sbi_env/lib/python3.7/site-packages/hnn_core/mod/x86_64/.libs/libnrnmech.so
Building the NEURON model
[Done]
running trial 1 on 1 cores
Simulation time: 0.03 ms...
Simulation time: 10.0 ms...
Simulation time: 20.0 ms...
Simulation time: 30.0 ms...
Simulation time: 40.0 ms...
Simulation time: 50.0 ms...
Simulation time: 60.0 ms...
Simulation time: 70.0 ms...
Simulation time: 80.0 ms...
Simulation time: 90.0 ms...
Simulation time: 100.0 ms...
Simulation time: 110.0 ms...
Simulation time: 120.0 ms...
Simulation time: 130.0 ms...
Simulation time: 140.0 ms...
Simulation time: 150.0 ms...
Simulation time: 160.0 ms...
