JobId=1181062 JobName=script.sh
   UserId=kanderer29(4373) GroupId=macke(4017) MCS_label=N/A
   Priority=43944 Nice=0 Account=macke QOS=normal
   JobState=RUNNING Reason=None Dependency=(null)
   Requeue=1 Restarts=0 BatchFlag=1 Reboot=0 ExitCode=0:0
   RunTime=00:00:01 TimeLimit=00:05:00 TimeMin=N/A
   SubmitTime=2022-02-13T23:29:13 EligibleTime=2022-02-13T23:29:13
   AccrueTime=2022-02-13T23:29:13
   StartTime=2022-02-13T23:29:13 EndTime=2022-02-13T23:34:13 Deadline=N/A
   PreemptEligibleTime=2022-02-13T23:30:13 PreemptTime=None
   SuspendTime=None SecsPreSuspend=0 LastSchedEval=2022-02-13T23:29:13
   Partition=cpu-short AllocNode:Sid=bg-slurmb-login1:29145
   ReqNodeList=(null) ExcNodeList=(null)
   NodeList=slurm-cpu-hm-2
   BatchHost=slurm-cpu-hm-2
   NumNodes=1 NumCPUs=64 NumTasks=1 CPUs/Task=64 ReqB:S:C:T=0:0:*:*
   TRES=cpu=64,mem=70G,node=1,billing=13
   Socks/Node=* NtasksPerN:B:S:C=0:0:*:* CoreSpec=*
   MinCPUsNode=64 MinMemoryNode=70G MinTmpDiskNode=0
   Features=(null) DelayBoot=00:00:00
   OverSubscribe=OK Contiguous=0 Licenses=(null) Network=(null)
   Command=/mnt/qb/home/macke/kanderer29/sbi_for_eeg_data/code/script.sh
   WorkDir=/mnt/qb/home/macke/kanderer29/sbi_for_eeg_data/code
   StdErr=/mnt/qb/home/macke/kanderer29/sbi_for_eeg_data/code/hostname_1181062.err
   StdIn=/dev/null
   StdOut=/mnt/qb/home/macke/kanderer29/sbi_for_eeg_data/code/hostname_1181062.out
   Power=
   MailUser=k.anderer@t-online.de MailType=END
   NtasksPerTRES:0

True
/mnt/qb/work/macke/kanderer29/results/100_sims_25_fake_obs_steps
/mnt/qb/work/macke/kanderer29/results/100_sims_25_fake_obs_steps
4 6
dim=1
early stop 70.0
param size  4
[[0.7509509325027466, 0.4268794059753418, 0.09954671561717987, 0.541686475276947], [0.5923286080360413, 0.869974672794342, 0.14791566133499146, 0.3525059223175049]]
set network params: [[0.7509509325027466, 0.4268794059753418, 0.09954671561717987, 0.541686475276947], [0.5923286080360413, 0.869974672794342, 0.14791566133499146, 0.3525059223175049]]
early stop 70.0
param size  4
[0.15084919333457947, 0.9363999366760254, 0.12222538888454437, 0.1584058403968811]
set network params: [0.15084919333457947, 0.9363999366760254, 0.12222538888454437, 0.1584058403968811]
joblib will run over 1 jobs
Loading custom mechanism files from /home/macke/kanderer29/.conda/envs/sbi/lib/python3.7/site-packages/hnn_core/mod/x86_64/.libs/libnrnmech.so
Building the NEURON model
[Done]
running trial 1 on 1 cores
Simulation time: 0.03 ms...
Simulation time: 10.0 ms...
Simulation time: 20.0 ms...
Simulation time: 30.0 ms...
Simulation time: 40.0 ms...
Simulation time: 50.0 ms...
Simulation time: 60.0 ms...
prep part done
