Warning: no DISPLAY environment variable.
--No graphics will be displayed.
Traceback (most recent call last):
  File "sequential_inference_allparams.py", line 230, in <module>
    main(sys.argv[1:])
  File "sequential_inference_allparams.py", line 163, in main
    num_workers=num_workers
  File "/mnt/qb/home/macke/kanderer29/sbi_for_eeg_data/code/utils/inference.py", line 70, in run_sim_theta_x
    simulator_stats, prior = prepare_for_sbi(simulation_wrapper, prior)
  File "/home/macke/kanderer29/.conda/envs/sbi/lib/python3.7/site-packages/sbi/utils/user_input_checks.py", line 501, in prepare_for_sbi
    check_sbi_inputs(simulator, prior)
  File "/home/macke/kanderer29/.conda/envs/sbi/lib/python3.7/site-packages/sbi/utils/user_input_checks.py", line 518, in check_sbi_inputs
    simulation = simulator(theta)
  File "/home/macke/kanderer29/.conda/envs/sbi/lib/python3.7/site-packages/sbi/utils/user_input_checks.py", line 434, in batch_loop_simulator
    xs = list(map(simulator, theta))
  File "/home/macke/kanderer29/.conda/envs/sbi/lib/python3.7/site-packages/sbi/utils/user_input_checks.py", line 399, in pytorch_simulator
    return torch.as_tensor(simulator(theta), dtype=float32)
  File "/mnt/qb/home/macke/kanderer29/sbi_for_eeg_data/code/utils/simulation_wrapper.py", line 130, in simulation_wrapper_all_small_steps
    net = set_network_weights_small_steps(params)
  File "/mnt/qb/home/macke/kanderer29/sbi_for_eeg_data/code/utils/simulation_wrapper.py", line 499, in set_network_weights_small_steps
    "L2_basket": params[1],
IndexError: list index out of range
