JobId=1333529 JobName=script.sh
   UserId=kanderer29(4373) GroupId=macke(4017) MCS_label=N/A
   Priority=43142 Nice=0 Account=macke QOS=normal
   JobState=RUNNING Reason=None Dependency=(null)
   Requeue=1 Restarts=0 BatchFlag=1 Reboot=0 ExitCode=0:0
   RunTime=00:00:01 TimeLimit=3-00:00:00 TimeMin=N/A
   SubmitTime=2022-03-30T13:39:13 EligibleTime=2022-03-30T13:39:13
   AccrueTime=2022-03-30T13:39:13
   StartTime=2022-03-30T13:41:36 EndTime=2022-04-02T13:41:36 Deadline=N/A
   PreemptEligibleTime=2022-03-30T13:42:36 PreemptTime=None
   SuspendTime=None SecsPreSuspend=0 LastSchedEval=2022-03-30T13:41:36
   Partition=cpu-long AllocNode:Sid=bg-slurmb-login1:29916
   ReqNodeList=(null) ExcNodeList=(null)
   NodeList=slurm-cpu-hm-3
   BatchHost=slurm-cpu-hm-3
   NumNodes=1 NumCPUs=64 NumTasks=1 CPUs/Task=64 ReqB:S:C:T=0:0:*:*
   TRES=cpu=64,mem=70G,node=1,billing=11
   Socks/Node=* NtasksPerN:B:S:C=0:0:*:* CoreSpec=*
   MinCPUsNode=64 MinMemoryNode=70G MinTmpDiskNode=0
   Features=(null) DelayBoot=00:00:00
   OverSubscribe=OK Contiguous=0 Licenses=(null) Network=(null)
   Command=/mnt/qb/home/macke/kanderer29/sbi_for_eeg_data/code/script.sh
   WorkDir=/mnt/qb/home/macke/kanderer29/sbi_for_eeg_data/code
   StdErr=/mnt/qb/home/macke/kanderer29/sbi_for_eeg_data/code/hostname_1333529.err
   StdIn=/dev/null
   StdOut=/mnt/qb/home/macke/kanderer29/sbi_for_eeg_data/code/hostname_1333529.out
   Power=
   MailUser=k.anderer@t-online.de MailType=END
   NtasksPerTRES:0

tensor([[2.7700e-01, 3.9900e-02, 6.2440e-01, 3.7390e-01, 0.0000e+00, 1.8977e+01,
         1.2000e-05, 1.1500e-02, 1.3400e-02, 7.6700e-02, 6.3370e-02, 6.3080e+01,
         4.6729e+00, 2.3300e+00, 1.6733e-02, 6.7900e-02, 1.2086e+02]])
/mnt/qb/home/macke/kanderer29/sbi_for_eeg_data/code
/mnt/qb/work/macke/kanderer29/results/multi_round_10000_17params_suprathreshold
/mnt/qb/work/macke/kanderer29/results/multi_round_10000_17params_suprathreshold
mkdir file
/mnt/qb/work/macke/kanderer29/results
