Warning: no DISPLAY environment variable.
--No graphics will be displayed.
Drawing 100 posterior samples:   0%|          | 0/100 [00:00<?, ?it/s]Traceback (most recent call last):
  File "efficiency_comparison_summary_statistics.py", line 213, in <module>
    main(sys.argv[1:])
  File "efficiency_comparison_summary_statistics.py", line 169, in main
    samples = posterior.sample((num_samples,), x=obs_real[0][0:6800])
  File "/home/macke/kanderer29/.conda/envs/sbi_env/lib/python3.7/site-packages/sbi/inference/posteriors/direct_posterior.py", line 395, in sample
    **rejection_sampling_parameters,
  File "/home/macke/kanderer29/.conda/envs/sbi_env/lib/python3.7/site-packages/torch/autograd/grad_mode.py", line 28, in decorate_context
    return func(*args, **kwargs)
  File "/home/macke/kanderer29/.conda/envs/sbi_env/lib/python3.7/site-packages/sbi/utils/sbiutils.py", line 220, in rejection_sample_posterior_within_prior
    candidates = posterior_nn.sample(sampling_batch_size, context=x).reshape(
  File "/home/macke/kanderer29/.conda/envs/sbi_env/lib/python3.7/site-packages/nflows/distributions/base.py", line 65, in sample
    return self._sample(num_samples, context)
  File "/home/macke/kanderer29/.conda/envs/sbi_env/lib/python3.7/site-packages/nflows/flows/base.py", line 54, in _sample
    samples, _ = self._transform.inverse(noise, context=embedded_context)
  File "/home/macke/kanderer29/.conda/envs/sbi_env/lib/python3.7/site-packages/nflows/transforms/base.py", line 60, in inverse
    return self._cascade(inputs, funcs, context)
  File "/home/macke/kanderer29/.conda/envs/sbi_env/lib/python3.7/site-packages/nflows/transforms/base.py", line 50, in _cascade
    outputs, logabsdet = func(outputs, context)
  File "/home/macke/kanderer29/.conda/envs/sbi_env/lib/python3.7/site-packages/nflows/transforms/base.py", line 60, in inverse
    return self._cascade(inputs, funcs, context)
  File "/home/macke/kanderer29/.conda/envs/sbi_env/lib/python3.7/site-packages/nflows/transforms/base.py", line 50, in _cascade
    outputs, logabsdet = func(outputs, context)
  File "/home/macke/kanderer29/.conda/envs/sbi_env/lib/python3.7/site-packages/nflows/transforms/base.py", line 60, in inverse
    return self._cascade(inputs, funcs, context)
  File "/home/macke/kanderer29/.conda/envs/sbi_env/lib/python3.7/site-packages/nflows/transforms/base.py", line 50, in _cascade
    outputs, logabsdet = func(outputs, context)
  File "/home/macke/kanderer29/.conda/envs/sbi_env/lib/python3.7/site-packages/nflows/transforms/coupling.py", line 118, in inverse
    transform_params = self.transform_net(identity_split, context)
  File "/home/macke/kanderer29/.conda/envs/sbi_env/lib/python3.7/site-packages/torch/nn/modules/module.py", line 1102, in _call_impl
    return forward_call(*input, **kwargs)
  File "/home/macke/kanderer29/.conda/envs/sbi_env/lib/python3.7/site-packages/nflows/nn/nets/resnet.py", line 96, in forward
    temps = self.initial_layer(torch.cat((inputs, context), dim=1))
  File "/home/macke/kanderer29/.conda/envs/sbi_env/lib/python3.7/site-packages/torch/nn/modules/module.py", line 1102, in _call_impl
    return forward_call(*input, **kwargs)
  File "/home/macke/kanderer29/.conda/envs/sbi_env/lib/python3.7/site-packages/torch/nn/modules/linear.py", line 103, in forward
    return F.linear(input, self.weight, self.bias)
  File "/home/macke/kanderer29/.conda/envs/sbi_env/lib/python3.7/site-packages/torch/nn/functional.py", line 1848, in linear
    return torch._C._nn.linear(input, weight, bias)
RuntimeError: mat1 and mat2 shapes cannot be multiplied (100x6801 and 2x50)
Drawing 100 posterior samples:   0%|          | 0/100 [00:00<?, ?it/s]