JobId=1180299 JobName=script.sh
   UserId=kanderer29(4373) GroupId=macke(4017) MCS_label=N/A
   Priority=39441 Nice=0 Account=macke QOS=normal
   JobState=RUNNING Reason=None Dependency=(null)
   Requeue=1 Restarts=0 BatchFlag=1 Reboot=0 ExitCode=0:0
   RunTime=00:00:01 TimeLimit=02:00:00 TimeMin=N/A
   SubmitTime=2022-02-12T21:49:25 EligibleTime=2022-02-12T21:49:25
   AccrueTime=2022-02-12T21:49:25
   StartTime=2022-02-12T21:49:25 EndTime=2022-02-12T23:49:25 Deadline=N/A
   PreemptEligibleTime=2022-02-12T21:50:25 PreemptTime=None
   SuspendTime=None SecsPreSuspend=0 LastSchedEval=2022-02-12T21:49:25
   Partition=gpu-2080ti AllocNode:Sid=bg-slurmb-login1:31330
   ReqNodeList=(null) ExcNodeList=(null)
   NodeList=slurm-bm-27
   BatchHost=slurm-bm-27
   NumNodes=1 NumCPUs=64 NumTasks=1 CPUs/Task=64 ReqB:S:C:T=0:0:*:*
   TRES=cpu=64,mem=70G,node=1,billing=17
   Socks/Node=* NtasksPerN:B:S:C=0:0:*:* CoreSpec=*
   MinCPUsNode=64 MinMemoryNode=70G MinTmpDiskNode=0
   Features=(null) DelayBoot=00:00:00
   OverSubscribe=OK Contiguous=0 Licenses=(null) Network=(null)
   Command=/mnt/qb/home/macke/kanderer29/sbi_for_eeg_data/code/script.sh
   WorkDir=/mnt/qb/home/macke/kanderer29/sbi_for_eeg_data/code
   StdErr=/mnt/qb/home/macke/kanderer29/sbi_for_eeg_data/code/hostname_1180299.err
   StdIn=/dev/null
   StdOut=/mnt/qb/home/macke/kanderer29/sbi_for_eeg_data/code/hostname_1180299.out
   Power=
   MailUser=k.anderer@t-online.de MailType=END
   NtasksPerTRES:0

/mnt/qb/work/macke/kanderer29/results/1000_sims_25_fake_obs
file exists
/mnt/qb/work/macke/kanderer29/results/1000_sims_25_fake_obs
early stop 120.0
param size  2
early stop 120.0
param size  2
