JobId=903208 JobName=script.sh
   UserId=kanderer29(4373) GroupId=macke(4017) MCS_label=N/A
   Priority=53511 Nice=0 Account=macke QOS=normal
   JobState=RUNNING Reason=None Dependency=(null)
   Requeue=1 Restarts=0 BatchFlag=1 Reboot=0 ExitCode=0:0
   RunTime=00:00:02 TimeLimit=10:00:00 TimeMin=N/A
   SubmitTime=2021-11-27T13:11:13 EligibleTime=2021-11-27T13:11:13
   AccrueTime=2021-11-27T13:11:15
   StartTime=2021-11-27T13:11:15 EndTime=2021-11-27T23:11:15 Deadline=N/A
   PreemptEligibleTime=2021-11-27T13:12:15 PreemptTime=None
   SuspendTime=None SecsPreSuspend=0 LastSchedEval=2021-11-27T13:11:15
   Partition=cpu-short AllocNode:Sid=bg-slurmb-login1:15386
   ReqNodeList=(null) ExcNodeList=(null)
   NodeList=slurm-cpu-hm-1
   BatchHost=slurm-cpu-hm-1
   NumNodes=1 NumCPUs=64 NumTasks=1 CPUs/Task=64 ReqB:S:C:T=0:0:*:*
   TRES=cpu=64,mem=50G,node=1,billing=13
   Socks/Node=* NtasksPerN:B:S:C=0:0:*:* CoreSpec=*
   MinCPUsNode=64 MinMemoryNode=50G MinTmpDiskNode=0
   Features=(null) DelayBoot=00:00:00
   OverSubscribe=OK Contiguous=0 Licenses=(null) Network=(null)
   Command=/mnt/qb/home/macke/kanderer29/sbi_for_eeg_data/code/script.sh
   WorkDir=/mnt/qb/home/macke/kanderer29/sbi_for_eeg_data/code
   StdErr=/mnt/qb/home/macke/kanderer29/sbi_for_eeg_data/code/hostname_903208.err
   StdIn=/dev/null
   StdOut=/mnt/qb/home/macke/kanderer29/sbi_for_eeg_data/code/hostname_903208.out
   Power=
   MailUser=k.anderer@t-online.de MailType=END

3
x_without tensor([[-0.5976, -0.5984, -0.5992,  ..., 14.6262, 14.5805, 14.5347],
        [ 0.4138,  0.4196,  0.4254,  ..., 26.9429, 26.8380, 26.7332],
        [-0.5531, -0.5530, -0.5529,  ..., 13.6113, 13.5655, 13.5196],
        ...,
        [ 0.6379,  0.6438,  0.6497,  ..., 22.3077, 22.2309, 22.1541],
        [-0.5512, -0.5524, -0.5537,  ..., 12.6601, 12.6197, 12.5793],
        [ 0.4448,  0.4505,  0.4564,  ..., 31.8713, 31.7671, 31.6628]])
