JobId=1300547 JobName=script.sh
   UserId=kanderer29(4373) GroupId=macke(4017) MCS_label=N/A
   Priority=55688 Nice=0 Account=macke QOS=normal
   JobState=RUNNING Reason=None Dependency=(null)
   Requeue=1 Restarts=0 BatchFlag=1 Reboot=0 ExitCode=0:0
   RunTime=00:00:01 TimeLimit=3-00:00:00 TimeMin=N/A
   SubmitTime=2022-03-16T13:53:56 EligibleTime=2022-03-16T13:53:56
   AccrueTime=2022-03-16T13:53:57
   StartTime=2022-03-16T13:53:57 EndTime=2022-03-19T13:53:57 Deadline=N/A
   PreemptEligibleTime=2022-03-16T13:54:57 PreemptTime=None
   SuspendTime=None SecsPreSuspend=0 LastSchedEval=2022-03-16T13:53:57
   Partition=gpu-2080ti AllocNode:Sid=bg-slurmb-login1:27863
   ReqNodeList=(null) ExcNodeList=(null)
   NodeList=slurm-bm-23
   BatchHost=slurm-bm-23
   NumNodes=1 NumCPUs=64 NumTasks=1 CPUs/Task=64 ReqB:S:C:T=0:0:*:*
   TRES=cpu=64,mem=70G,node=1,billing=17
   Socks/Node=* NtasksPerN:B:S:C=0:0:*:* CoreSpec=*
   MinCPUsNode=64 MinMemoryNode=70G MinTmpDiskNode=0
   Features=(null) DelayBoot=00:00:00
   OverSubscribe=OK Contiguous=0 Licenses=(null) Network=(null)
   Command=/mnt/qb/home/macke/kanderer29/sbi_for_eeg_data/code/script.sh
   WorkDir=/mnt/qb/home/macke/kanderer29/sbi_for_eeg_data/code
   StdErr=/mnt/qb/home/macke/kanderer29/sbi_for_eeg_data/code/hostname_1300547.err
   StdIn=/dev/null
   StdOut=/mnt/qb/home/macke/kanderer29/sbi_for_eeg_data/code/hostname_1300547.out
   Power=
   MailUser=k.anderer@t-online.de MailType=END
   NtasksPerTRES:0

tensor([[2.7700e-01, 3.9900e-02, 6.2440e-01, 3.7390e-01, 0.0000e+00, 1.8977e+01,
         1.2000e-05, 1.1500e-02, 1.3400e-02, 7.6700e-02, 6.3370e-02, 6.3080e+01,
         4.6729e+00, 2.3300e+00, 1.6733e-02, 6.7900e-02, 1.2086e+02]])
[Parallel(n_jobs=1)]: Using backend SequentialBackend with 1 concurrent workers.
early stop 200.0
param size  17
joblib will run over 1 jobs
Loading custom mechanism files from /home/macke/kanderer29/.conda/envs/sbi/lib/python3.7/site-packages/hnn_core/mod/x86_64/.libs/libnrnmech.so
Building the NEURON model
[Done]
running trial 1 on 1 cores
Simulation time: 0.03 ms...
Simulation time: 10.0 ms...
Simulation time: 20.0 ms...
Simulation time: 30.0 ms...
Simulation time: 40.0 ms...
Simulation time: 50.0 ms...
Simulation time: 60.0 ms...
Simulation time: 70.0 ms...
Simulation time: 80.0 ms...
Simulation time: 90.0 ms...
Simulation time: 100.0 ms...
Simulation time: 110.0 ms...
Simulation time: 120.0 ms...
Simulation time: 130.0 ms...
Simulation time: 140.0 ms...
Simulation time: 150.0 ms...
Simulation time: 160.0 ms...
Simulation time: 170.0 ms...
Simulation time: 180.0 ms...
Simulation time: 190.0 ms...
obs [-0.85734225 -0.66098555 -0.46145263 ... 10.98173329 10.97070464
 10.89289877]
[Parallel(n_jobs=1)]: Done   1 out of   1 | elapsed:   59.7s remaining:    0.0s
[Parallel(n_jobs=1)]: Done   1 out of   1 | elapsed:   59.7s finished
