JobId=770920 JobName=script.sh
   UserId=kanderer29(4373) GroupId=macke(4017) MCS_label=N/A
   Priority=55145 Nice=0 Account=macke QOS=normal
   JobState=RUNNING Reason=None Dependency=(null)
   Requeue=1 Restarts=0 BatchFlag=1 Reboot=0 ExitCode=0:0
   RunTime=00:00:01 TimeLimit=02:00:00 TimeMin=N/A
   SubmitTime=2021-11-04T01:08:11 EligibleTime=2021-11-04T01:08:11
   AccrueTime=2021-11-04T01:08:12
   StartTime=2021-11-04T01:08:12 EndTime=2021-11-04T03:08:12 Deadline=N/A
   PreemptEligibleTime=2021-11-04T01:09:12 PreemptTime=None
   SuspendTime=None SecsPreSuspend=0 LastSchedEval=2021-11-04T01:08:12
   Partition=cpu-long AllocNode:Sid=bg-slurmb-login1:25140
   ReqNodeList=(null) ExcNodeList=(null)
   NodeList=slurm-cpu-hm-3
   BatchHost=slurm-cpu-hm-3
   NumNodes=1 NumCPUs=24 NumTasks=1 CPUs/Task=24 ReqB:S:C:T=0:0:*:*
   TRES=cpu=24,mem=50G,node=1,billing=4
   Socks/Node=* NtasksPerN:B:S:C=0:0:*:* CoreSpec=*
   MinCPUsNode=24 MinMemoryNode=50G MinTmpDiskNode=0
   Features=(null) DelayBoot=00:00:00
   OverSubscribe=OK Contiguous=0 Licenses=(null) Network=(null)
   Command=/mnt/qb/home/macke/kanderer29/sbi_for_eeg_data/code/script.sh
   WorkDir=/mnt/qb/home/macke/kanderer29/sbi_for_eeg_data/code
   StdErr=/mnt/qb/home/macke/kanderer29/sbi_for_eeg_data/code/hostname_770920.err
   StdIn=/dev/null
   StdOut=/mnt/qb/home/macke/kanderer29/sbi_for_eeg_data/code/hostname_770920.out
   Power=
   MailUser=k.anderer@t-online.de MailType=END

