JobId=1326462 JobName=script.sh
   UserId=kanderer29(4373) GroupId=macke(4017) MCS_label=N/A
   Priority=47403 Nice=0 Account=macke QOS=normal
   JobState=RUNNING Reason=None Dependency=(null)
   Requeue=1 Restarts=0 BatchFlag=1 Reboot=0 ExitCode=0:0
   RunTime=00:00:03 TimeLimit=3-00:00:00 TimeMin=N/A
   SubmitTime=2022-03-27T19:47:23 EligibleTime=2022-03-27T19:47:23
   AccrueTime=2022-03-27T19:47:24
   StartTime=2022-03-27T19:47:24 EndTime=2022-03-30T19:47:24 Deadline=N/A
   PreemptEligibleTime=2022-03-27T19:48:24 PreemptTime=None
   SuspendTime=None SecsPreSuspend=0 LastSchedEval=2022-03-27T19:47:24
   Partition=cpu-long AllocNode:Sid=bg-slurmb-login1:15733
   ReqNodeList=(null) ExcNodeList=(null)
   NodeList=slurm-cpu-hm-1
   BatchHost=slurm-cpu-hm-1
   NumNodes=1 NumCPUs=64 NumTasks=1 CPUs/Task=64 ReqB:S:C:T=0:0:*:*
   TRES=cpu=64,mem=70G,node=1,billing=11
   Socks/Node=* NtasksPerN:B:S:C=0:0:*:* CoreSpec=*
   MinCPUsNode=64 MinMemoryNode=70G MinTmpDiskNode=0
   Features=(null) DelayBoot=00:00:00
   OverSubscribe=OK Contiguous=0 Licenses=(null) Network=(null)
   Command=/mnt/qb/home/macke/kanderer29/sbi_for_eeg_data/code/script.sh
   WorkDir=/mnt/qb/home/macke/kanderer29/sbi_for_eeg_data/code
   StdErr=/mnt/qb/home/macke/kanderer29/sbi_for_eeg_data/code/hostname_1326462.err
   StdIn=/dev/null
   StdOut=/mnt/qb/home/macke/kanderer29/sbi_for_eeg_data/code/hostname_1326462.out
   Power=
   MailUser=k.anderer@t-online.de MailType=END
   NtasksPerTRES:0

[Parallel(n_jobs=1)]: Using backend SequentialBackend with 1 concurrent workers.
early stop 200.0
param size  6
joblib will run over 1 jobs
Loading custom mechanism files from /home/macke/kanderer29/.conda/envs/sbi/lib/python3.7/site-packages/hnn_core/mod/x86_64/.libs/libnrnmech.so
Building the NEURON model
[Done]
running trial 1 on 1 cores
Simulation time: 0.03 ms...
Simulation time: 10.0 ms...
Simulation time: 20.0 ms...
Simulation time: 30.0 ms...
Simulation time: 40.0 ms...
Simulation time: 50.0 ms...
Simulation time: 60.0 ms...
Simulation time: 70.0 ms...
Simulation time: 80.0 ms...
Simulation time: 90.0 ms...
Simulation time: 100.0 ms...
Simulation time: 110.0 ms...
Simulation time: 120.0 ms...
Simulation time: 130.0 ms...
Simulation time: 140.0 ms...
Simulation time: 150.0 ms...
Simulation time: 160.0 ms...
Simulation time: 170.0 ms...
Simulation time: 180.0 ms...
Simulation time: 190.0 ms...
obs [-0.15476046 -0.92747779  1.8335752  ...  6.77573423  7.95193564
  8.03678816]
[Parallel(n_jobs=1)]: Done   1 out of   1 | elapsed:  1.1min remaining:    0.0s
[Parallel(n_jobs=1)]: Done   1 out of   1 | elapsed:  1.1min finished
single observation
x shape torch.Size([1, 8001])
batch shape torch.Size([8001])
batch shape torch.Size([8001])
2 params investigated
early stop 70.0
param size  2
2 params investigated
early stop 70.0
param size  2
joblib will run over 1 jobs
Building the NEURON model
[Done]
running trial 1 on 1 cores
Simulation time: 0.03 ms...
Simulation time: 10.0 ms...
Simulation time: 20.0 ms...
Simulation time: 30.0 ms...
Simulation time: 40.0 ms...
Simulation time: 50.0 ms...
Simulation time: 60.0 ms...
obs [ -0.22679218  -2.34654497   1.40327817 ... -10.39785161 -10.78487928
  -8.41226587]
