JobId=783170 JobName=script.sh
   UserId=kanderer29(4373) GroupId=macke(4017) MCS_label=N/A
   Priority=52255 Nice=0 Account=macke QOS=normal
   JobState=RUNNING Reason=None Dependency=(null)
   Requeue=1 Restarts=0 BatchFlag=1 Reboot=0 ExitCode=0:0
   RunTime=00:00:02 TimeLimit=12:00:00 TimeMin=N/A
   SubmitTime=2021-11-09T22:37:35 EligibleTime=2021-11-09T22:37:35
   AccrueTime=2021-11-09T22:37:35
   StartTime=2021-11-09T23:09:38 EndTime=2021-11-10T11:09:38 Deadline=N/A
   PreemptEligibleTime=2021-11-09T23:10:38 PreemptTime=None
   SuspendTime=None SecsPreSuspend=0 LastSchedEval=2021-11-09T23:09:38
   Partition=cpu-short AllocNode:Sid=bg-slurmb-login1:16843
   ReqNodeList=(null) ExcNodeList=(null)
   NodeList=slurm-cpu-hm-5
   BatchHost=slurm-cpu-hm-5
   NumNodes=1 NumCPUs=16 NumTasks=1 CPUs/Task=16 ReqB:S:C:T=0:0:*:*
   TRES=cpu=16,mem=50G,node=1,billing=3
   Socks/Node=* NtasksPerN:B:S:C=0:0:*:* CoreSpec=*
   MinCPUsNode=16 MinMemoryNode=50G MinTmpDiskNode=0
   Features=(null) DelayBoot=00:00:00
   OverSubscribe=OK Contiguous=0 Licenses=(null) Network=(null)
   Command=/mnt/qb/home/macke/kanderer29/sbi_for_eeg_data/code/script.sh
   WorkDir=/mnt/qb/home/macke/kanderer29/sbi_for_eeg_data/code
   StdErr=/mnt/qb/home/macke/kanderer29/sbi_for_eeg_data/code/hostname_783170.err
   StdIn=/dev/null
   StdOut=/mnt/qb/home/macke/kanderer29/sbi_for_eeg_data/code/hostname_783170.out
   Power=
   MailUser=k.anderer@t-online.de MailType=END

