JobId=1138972 JobName=script.sh
   UserId=kanderer29(4373) GroupId=macke(4017) MCS_label=N/A
   Priority=59373 Nice=0 Account=macke QOS=normal
   JobState=RUNNING Reason=None Dependency=(null)
   Requeue=1 Restarts=0 BatchFlag=1 Reboot=0 ExitCode=0:0
   RunTime=00:00:01 TimeLimit=3-00:00:00 TimeMin=N/A
   SubmitTime=2022-01-22T18:37:07 EligibleTime=2022-01-22T18:37:07
   AccrueTime=2022-01-22T18:37:07
   StartTime=2022-01-22T18:37:07 EndTime=2022-01-25T18:37:07 Deadline=N/A
   PreemptEligibleTime=2022-01-22T18:38:07 PreemptTime=None
   SuspendTime=None SecsPreSuspend=0 LastSchedEval=2022-01-22T18:37:07
   Partition=cpu-long AllocNode:Sid=bg-slurmb-login1:13078
   ReqNodeList=(null) ExcNodeList=(null)
   NodeList=slurm-cpu-hm-1
   BatchHost=slurm-cpu-hm-1
   NumNodes=1 NumCPUs=64 NumTasks=1 CPUs/Task=64 ReqB:S:C:T=0:0:*:*
   TRES=cpu=64,mem=70G,node=1,billing=11
   Socks/Node=* NtasksPerN:B:S:C=0:0:*:* CoreSpec=*
   MinCPUsNode=64 MinMemoryNode=70G MinTmpDiskNode=0
   Features=(null) DelayBoot=00:00:00
   OverSubscribe=OK Contiguous=0 Licenses=(null) Network=(null)
   Command=/mnt/qb/home/macke/kanderer29/sbi_for_eeg_data/code/script.sh
   WorkDir=/mnt/qb/home/macke/kanderer29/sbi_for_eeg_data/code
   StdErr=/mnt/qb/home/macke/kanderer29/sbi_for_eeg_data/code/hostname_1138972.err
   StdIn=/dev/null
   StdOut=/mnt/qb/home/macke/kanderer29/sbi_for_eeg_data/code/hostname_1138972.out
   Power=
   MailUser=k.anderer@t-online.de MailType=END
   NtasksPerTRES:0

/mnt/qb/work/macke/kanderer29/results/1000_sims_6_params_new
<class 'torch.Tensor'>
2 params investigated
early stop 90.0
param size  2
is here the problem?
<class 'torch.Tensor'>
2 params investigated
early stop 90.0
param size  2
is here the problem?
check
stop here
joblib will run over 1 jobs
Loading custom mechanism files from /home/macke/kanderer29/.conda/envs/sbi_env/lib/python3.7/site-packages/hnn_core/mod/x86_64/.libs/libnrnmech.so
Building the NEURON model
[Done]
running trial 1 on 1 cores
Simulation time: 0.03 ms...
Simulation time: 10.0 ms...
Simulation time: 20.0 ms...
Simulation time: 30.0 ms...
Simulation time: 40.0 ms...
Simulation time: 50.0 ms...
Simulation time: 60.0 ms...
Simulation time: 70.0 ms...
Simulation time: 79.0 ms...
