Warning: no DISPLAY environment variable.
--No graphics will be displayed.
Traceback (most recent call last):
  File "sequential_inference_allparams.py", line 312, in <module>
    main(sys.argv[1:])
  File "sequential_inference_allparams.py", line 198, in main
    num_workers=num_workers
  File "/mnt/qb/home/macke/kanderer29/sbi_for_eeg_data/code/utils/inference.py", line 77, in run_sim_theta_x
    show_progress_bar=False
  File "/home/macke/kanderer29/.conda/envs/sbi/lib/python3.7/site-packages/sbi/inference/base.py", line 547, in simulate_for_sbi
    theta = proposal.sample((num_simulations,))
  File "/home/macke/kanderer29/.conda/envs/sbi/lib/python3.7/site-packages/torch/distributions/independent.py", line 85, in sample
    return self.base_dist.sample(sample_shape)
  File "/home/macke/kanderer29/.conda/envs/sbi/lib/python3.7/site-packages/torch/distributions/distribution.py", line 136, in sample
    return self.rsample(sample_shape)
  File "/home/macke/kanderer29/.conda/envs/sbi/lib/python3.7/site-packages/torch/distributions/uniform.py", line 67, in rsample
    shape = self._extended_shape(sample_shape)
  File "/home/macke/kanderer29/.conda/envs/sbi/lib/python3.7/site-packages/torch/distributions/distribution.py", line 237, in _extended_shape
    sample_shape = torch.Size(sample_shape)
TypeError: torch.Size() takes an iterable of 'int' (item 0 is 'float')
