JobId=1308742 JobName=script.sh
   UserId=kanderer29(4373) GroupId=macke(4017) MCS_label=N/A
   Priority=47243 Nice=0 Account=macke QOS=normal
   JobState=RUNNING Reason=None Dependency=(null)
   Requeue=1 Restarts=0 BatchFlag=1 Reboot=0 ExitCode=0:0
   RunTime=00:00:00 TimeLimit=3-00:00:00 TimeMin=N/A
   SubmitTime=2022-03-18T18:45:09 EligibleTime=2022-03-18T18:45:09
   AccrueTime=2022-03-18T18:45:09
   StartTime=2022-03-19T01:17:04 EndTime=2022-03-22T01:17:04 Deadline=N/A
   PreemptEligibleTime=2022-03-19T01:18:04 PreemptTime=None
   SuspendTime=None SecsPreSuspend=0 LastSchedEval=2022-03-19T01:17:04
   Partition=gpu-2080ti AllocNode:Sid=bg-slurmb-login1:27863
   ReqNodeList=(null) ExcNodeList=(null)
   NodeList=slurm-bm-28
   BatchHost=slurm-bm-28
   NumNodes=1 NumCPUs=64 NumTasks=1 CPUs/Task=64 ReqB:S:C:T=0:0:*:*
   TRES=cpu=64,mem=70G,node=1,billing=17
   Socks/Node=* NtasksPerN:B:S:C=0:0:*:* CoreSpec=*
   MinCPUsNode=64 MinMemoryNode=70G MinTmpDiskNode=0
   Features=(null) DelayBoot=00:00:00
   OverSubscribe=OK Contiguous=0 Licenses=(null) Network=(null)
   Command=/mnt/qb/home/macke/kanderer29/sbi_for_eeg_data/code/script.sh
   WorkDir=/mnt/qb/home/macke/kanderer29/sbi_for_eeg_data/code
   StdErr=/mnt/qb/home/macke/kanderer29/sbi_for_eeg_data/code/hostname_1308742.err
   StdIn=/dev/null
   StdOut=/mnt/qb/home/macke/kanderer29/sbi_for_eeg_data/code/hostname_1308742.out
   Power=
   MailUser=k.anderer@t-online.de MailType=END
   NtasksPerTRES:0

file exists
step files exist
[Parallel(n_jobs=1)]: Using backend SequentialBackend with 1 concurrent workers.
early stop 200.0
param size  17
joblib will run over 1 jobs
Loading custom mechanism files from /home/macke/kanderer29/.conda/envs/sbi/lib/python3.7/site-packages/hnn_core/mod/x86_64/.libs/libnrnmech.so
Building the NEURON model
[Done]
running trial 1 on 1 cores
Simulation time: 0.03 ms...
Simulation time: 10.0 ms...
Simulation time: 20.0 ms...
Simulation time: 30.0 ms...
Simulation time: 40.0 ms...
Simulation time: 50.0 ms...
Simulation time: 60.0 ms...
Simulation time: 70.0 ms...
Simulation time: 80.0 ms...
Simulation time: 90.0 ms...
Simulation time: 100.0 ms...
Simulation time: 110.0 ms...
Simulation time: 120.0 ms...
Simulation time: 130.0 ms...
Simulation time: 140.0 ms...
Simulation time: 150.0 ms...
Simulation time: 160.0 ms...
Simulation time: 170.0 ms...
Simulation time: 180.0 ms...
Simulation time: 190.0 ms...
obs [-0.54980689 -0.62746882 -0.35173902 ... 10.94405128 11.02852577
 11.00387725]
[Parallel(n_jobs=1)]: Done   1 out of   1 | elapsed:  1.0min remaining:    0.0s
[Parallel(n_jobs=1)]: Done   1 out of   1 | elapsed:  1.0min finished
dim=1
6 params investigated
early stop 70.0
param size  6
6 params investigated
early stop 70.0
param size  6
joblib will run over 1 jobs
Building the NEURON model
[Done]
running trial 1 on 1 cores
Simulation time: 0.03 ms...
Simulation time: 10.0 ms...
Simulation time: 20.0 ms...
Simulation time: 30.0 ms...
Simulation time: 40.0 ms...
Simulation time: 50.0 ms...
Simulation time: 60.0 ms...
obs [-0.56052082 -0.77322092 -0.39895818 ... 10.66356749 10.57039943
 10.7532869 ]
prep part done
