JobId=1232342 JobName=script.sh
   UserId=kanderer29(4373) GroupId=macke(4017) MCS_label=N/A
   Priority=50794 Nice=0 Account=macke QOS=normal
   JobState=RUNNING Reason=None Dependency=(null)
   Requeue=1 Restarts=0 BatchFlag=1 Reboot=0 ExitCode=0:0
   RunTime=00:00:01 TimeLimit=2-11:00:00 TimeMin=N/A
   SubmitTime=2022-02-28T21:11:22 EligibleTime=2022-02-28T21:11:22
   AccrueTime=2022-02-28T21:11:22
   StartTime=2022-02-28T21:11:22 EndTime=2022-03-03T08:11:22 Deadline=N/A
   PreemptEligibleTime=2022-02-28T21:12:22 PreemptTime=None
   SuspendTime=None SecsPreSuspend=0 LastSchedEval=2022-02-28T21:11:22
   Partition=gpu-2080ti AllocNode:Sid=bg-slurmb-login1:26793
   ReqNodeList=(null) ExcNodeList=(null)
   NodeList=slurm-bm-21
   BatchHost=slurm-bm-21
   NumNodes=1 NumCPUs=64 NumTasks=1 CPUs/Task=64 ReqB:S:C:T=0:0:*:*
   TRES=cpu=64,mem=70G,node=1,billing=17
   Socks/Node=* NtasksPerN:B:S:C=0:0:*:* CoreSpec=*
   MinCPUsNode=64 MinMemoryNode=70G MinTmpDiskNode=0
   Features=(null) DelayBoot=00:00:00
   OverSubscribe=OK Contiguous=0 Licenses=(null) Network=(null)
   Command=/mnt/qb/home/macke/kanderer29/sbi_for_eeg_data/code/script.sh
   WorkDir=/mnt/qb/home/macke/kanderer29/sbi_for_eeg_data/code
   StdErr=/mnt/qb/home/macke/kanderer29/sbi_for_eeg_data/code/hostname_1232342.err
   StdIn=/dev/null
   StdOut=/mnt/qb/home/macke/kanderer29/sbi_for_eeg_data/code/hostname_1232342.out
   Power=
   MailUser=k.anderer@t-online.de MailType=END
   NtasksPerTRES:0

