JobId=1324277 JobName=script.sh
   UserId=kanderer29(4373) GroupId=macke(4017) MCS_label=N/A
   Priority=47360 Nice=0 Account=macke QOS=normal
   JobState=RUNNING Reason=None Dependency=(null)
   Requeue=1 Restarts=0 BatchFlag=1 Reboot=0 ExitCode=0:0
   RunTime=00:00:01 TimeLimit=03:00:00 TimeMin=N/A
   SubmitTime=2022-03-24T17:12:52 EligibleTime=2022-03-24T17:12:52
   AccrueTime=2022-03-24T17:12:52
   StartTime=2022-03-24T17:12:52 EndTime=2022-03-24T20:12:52 Deadline=N/A
   PreemptEligibleTime=2022-03-24T17:13:52 PreemptTime=None
   SuspendTime=None SecsPreSuspend=0 LastSchedEval=2022-03-24T17:12:52
   Partition=cpu-short AllocNode:Sid=bg-slurmb-login1:15733
   ReqNodeList=(null) ExcNodeList=(null)
   NodeList=slurm-cpu-hm-3
   BatchHost=slurm-cpu-hm-3
   NumNodes=1 NumCPUs=20 NumTasks=1 CPUs/Task=20 ReqB:S:C:T=0:0:*:*
   TRES=cpu=20,mem=70G,node=1,billing=4
   Socks/Node=* NtasksPerN:B:S:C=0:0:*:* CoreSpec=*
   MinCPUsNode=20 MinMemoryNode=70G MinTmpDiskNode=0
   Features=(null) DelayBoot=00:00:00
   OverSubscribe=OK Contiguous=0 Licenses=(null) Network=(null)
   Command=/mnt/qb/home/macke/kanderer29/sbi_for_eeg_data/code/script.sh
   WorkDir=/mnt/qb/home/macke/kanderer29/sbi_for_eeg_data/code
   StdErr=/mnt/qb/home/macke/kanderer29/sbi_for_eeg_data/code/hostname_1324277.err
   StdIn=/dev/null
   StdOut=/mnt/qb/home/macke/kanderer29/sbi_for_eeg_data/code/hostname_1324277.out
   Power=
   MailUser=k.anderer@t-online.de MailType=END
   NtasksPerTRES:0

