JobId=1322495 JobName=script.sh
   UserId=kanderer29(4373) GroupId=macke(4017) MCS_label=N/A
   Priority=47380 Nice=0 Account=macke QOS=normal
   JobState=RUNNING Reason=None Dependency=(null)
   Requeue=1 Restarts=0 BatchFlag=1 Reboot=0 ExitCode=0:0
   RunTime=00:00:00 TimeLimit=1-00:00:00 TimeMin=N/A
   SubmitTime=2022-03-23T15:00:47 EligibleTime=2022-03-23T15:00:47
   AccrueTime=2022-03-23T15:00:48
   StartTime=2022-03-23T15:00:48 EndTime=2022-03-24T15:00:48 Deadline=N/A
   PreemptEligibleTime=2022-03-23T15:01:48 PreemptTime=None
   SuspendTime=None SecsPreSuspend=0 LastSchedEval=2022-03-23T15:00:48
   Partition=cpu-long AllocNode:Sid=bg-slurmb-login1:31580
   ReqNodeList=(null) ExcNodeList=(null)
   NodeList=slurm-cpu-hm-2
   BatchHost=slurm-cpu-hm-2
   NumNodes=1 NumCPUs=40 NumTasks=1 CPUs/Task=40 ReqB:S:C:T=0:0:*:*
   TRES=cpu=40,mem=70G,node=1,billing=7
   Socks/Node=* NtasksPerN:B:S:C=0:0:*:* CoreSpec=*
   MinCPUsNode=40 MinMemoryNode=70G MinTmpDiskNode=0
   Features=(null) DelayBoot=00:00:00
   OverSubscribe=OK Contiguous=0 Licenses=(null) Network=(null)
   Command=/mnt/qb/home/macke/kanderer29/sbi_for_eeg_data/code/script.sh
   WorkDir=/mnt/qb/home/macke/kanderer29/sbi_for_eeg_data/code
   StdErr=/mnt/qb/home/macke/kanderer29/sbi_for_eeg_data/code/hostname_1322495.err
   StdIn=/dev/null
   StdOut=/mnt/qb/home/macke/kanderer29/sbi_for_eeg_data/code/hostname_1322495.out
   Power=
   MailUser=k.anderer@t-online.de MailType=END
   NtasksPerTRES:0

