JobId=1219689 JobName=script.sh
   UserId=kanderer29(4373) GroupId=macke(4017) MCS_label=N/A
   Priority=48117 Nice=0 Account=macke QOS=normal
   JobState=RUNNING Reason=None Dependency=(null)
   Requeue=1 Restarts=0 BatchFlag=1 Reboot=0 ExitCode=0:0
   RunTime=00:00:01 TimeLimit=2-11:00:00 TimeMin=N/A
   SubmitTime=2022-02-23T17:12:53 EligibleTime=2022-02-23T17:12:53
   AccrueTime=2022-02-23T17:12:53
   StartTime=2022-02-23T17:12:53 EndTime=2022-02-26T04:12:53 Deadline=N/A
   PreemptEligibleTime=2022-02-23T17:13:53 PreemptTime=None
   SuspendTime=None SecsPreSuspend=0 LastSchedEval=2022-02-23T17:12:53
   Partition=gpu-2080ti AllocNode:Sid=bg-slurmb-login1:27860
   ReqNodeList=(null) ExcNodeList=(null)
   NodeList=slurm-bm-18
   BatchHost=slurm-bm-18
   NumNodes=1 NumCPUs=64 NumTasks=1 CPUs/Task=64 ReqB:S:C:T=0:0:*:*
   TRES=cpu=64,mem=70G,node=1,billing=17
   Socks/Node=* NtasksPerN:B:S:C=0:0:*:* CoreSpec=*
   MinCPUsNode=64 MinMemoryNode=70G MinTmpDiskNode=0
   Features=(null) DelayBoot=00:00:00
   OverSubscribe=OK Contiguous=0 Licenses=(null) Network=(null)
   Command=/mnt/qb/home/macke/kanderer29/sbi_for_eeg_data/code/script.sh
   WorkDir=/mnt/qb/home/macke/kanderer29/sbi_for_eeg_data/code
   StdErr=/mnt/qb/home/macke/kanderer29/sbi_for_eeg_data/code/hostname_1219689.err
   StdIn=/dev/null
   StdOut=/mnt/qb/home/macke/kanderer29/sbi_for_eeg_data/code/hostname_1219689.out
   Power=
   MailUser=k.anderer@t-online.de MailType=END
   NtasksPerTRES:0

True
/mnt/qb/work/macke/kanderer29/results/10000_sims_25_fake_obs_3steps_time_ratio
file exists
/mnt/qb/work/macke/kanderer29/results/10000_sims_25_fake_obs_3steps_time_ratio
9 16
number of simulations in this round 1000
dim=1
early stop 70.0
param size  9
[[0.3823331892490387, 0.09840726852416992, 0.04606020823121071, 0.9677577018737793, 0.39988622069358826, 0.22514384984970093, 0.04063565284013748, 0.385171115398407, 18.296398162841797], [0.6623643040657043, 0.32977402210235596, 0.1369233876466751, 0.01768571138381958, 0.8513731956481934, 0.45335179567337036, 0.03261047601699829, 0.6107723712921143, 23.58563232421875]]
set network params: [[0.3823331892490387, 0.09840726852416992, 0.04606020823121071, 0.9677577018737793, 0.39988622069358826, 0.22514384984970093, 0.04063565284013748, 0.385171115398407, 18.296398162841797], [0.6623643040657043, 0.32977402210235596, 0.1369233876466751, 0.01768571138381958, 0.8513731956481934, 0.45335179567337036, 0.03261047601699829, 0.6107723712921143, 23.58563232421875]]
early stop 70.0
param size  9
[0.6040202379226685, 0.24344855546951294, 0.08950483053922653, 0.7847428321838379, 0.509658694267273, 0.520528256893158, 0.01966896839439869, 0.0444299578666687, 30.055431365966797]
set network params: [0.6040202379226685, 0.24344855546951294, 0.08950483053922653, 0.7847428321838379, 0.509658694267273, 0.520528256893158, 0.01966896839439869, 0.0444299578666687, 30.055431365966797]
joblib will run over 1 jobs
Loading custom mechanism files from /home/macke/kanderer29/.conda/envs/sbi/lib/python3.7/site-packages/hnn_core/mod/x86_64/.libs/libnrnmech.so
Building the NEURON model
[Done]
running trial 1 on 1 cores
Simulation time: 0.03 ms...
Simulation time: 10.0 ms...
Simulation time: 20.0 ms...
Simulation time: 30.0 ms...
Simulation time: 40.0 ms...
Simulation time: 50.0 ms...
Simulation time: 60.0 ms...
prep part done
