JobId=1180339 JobName=script.sh
   UserId=kanderer29(4373) GroupId=macke(4017) MCS_label=N/A
   Priority=39441 Nice=0 Account=macke QOS=normal
   JobState=RUNNING Reason=None Dependency=(null)
   Requeue=1 Restarts=0 BatchFlag=1 Reboot=0 ExitCode=0:0
   RunTime=00:00:00 TimeLimit=03:00:00 TimeMin=N/A
   SubmitTime=2022-02-12T23:56:11 EligibleTime=2022-02-12T23:56:11
   AccrueTime=2022-02-12T23:56:12
   StartTime=2022-02-12T23:56:12 EndTime=2022-02-13T02:56:12 Deadline=N/A
   PreemptEligibleTime=2022-02-12T23:57:12 PreemptTime=None
   SuspendTime=None SecsPreSuspend=0 LastSchedEval=2022-02-12T23:56:12
   Partition=gpu-2080ti AllocNode:Sid=bg-slurmb-login1:29145
   ReqNodeList=(null) ExcNodeList=(null)
   NodeList=slurm-bm-16
   BatchHost=slurm-bm-16
   NumNodes=1 NumCPUs=64 NumTasks=1 CPUs/Task=64 ReqB:S:C:T=0:0:*:*
   TRES=cpu=64,mem=70G,node=1,billing=17
   Socks/Node=* NtasksPerN:B:S:C=0:0:*:* CoreSpec=*
   MinCPUsNode=64 MinMemoryNode=70G MinTmpDiskNode=0
   Features=(null) DelayBoot=00:00:00
   OverSubscribe=OK Contiguous=0 Licenses=(null) Network=(null)
   Command=/mnt/qb/home/macke/kanderer29/sbi_for_eeg_data/code/script.sh
   WorkDir=/mnt/qb/home/macke/kanderer29/sbi_for_eeg_data/code
   StdErr=/mnt/qb/home/macke/kanderer29/sbi_for_eeg_data/code/hostname_1180339.err
   StdIn=/dev/null
   StdOut=/mnt/qb/home/macke/kanderer29/sbi_for_eeg_data/code/hostname_1180339.out
   Power=
   MailUser=k.anderer@t-online.de MailType=END
   NtasksPerTRES:0

results/10000_sims_17_fake_obs_stop2
file exists
step files exist
results/10000_sims_17_fake_obs_stop2
param size 6
6 params investigated
early stop 70.0
param size  6
param size 6
6 params investigated
early stop 70.0
param size  6
joblib will run over 1 jobs
Loading custom mechanism files from /home/macke/kanderer29/.conda/envs/sbi/lib/python3.7/site-packages/hnn_core/mod/x86_64/.libs/libnrnmech.so
Building the NEURON model
[Done]
running trial 1 on 1 cores
Simulation time: 0.03 ms...
Simulation time: 10.0 ms...
Simulation time: 20.0 ms...
Simulation time: 30.0 ms...
Simulation time: 40.0 ms...
Simulation time: 50.0 ms...
Simulation time: 60.0 ms...
