JobId=1165776 JobName=script.sh
   UserId=kanderer29(4373) GroupId=macke(4017) MCS_label=N/A
   Priority=39354 Nice=0 Account=macke QOS=normal
   JobState=RUNNING Reason=None Dependency=(null)
   Requeue=1 Restarts=0 BatchFlag=1 Reboot=0 ExitCode=0:0
   RunTime=00:00:01 TimeLimit=3-00:00:00 TimeMin=N/A
   SubmitTime=2022-02-08T18:41:10 EligibleTime=2022-02-08T18:41:10
   AccrueTime=2022-02-08T18:41:11
   StartTime=2022-02-08T18:41:17 EndTime=2022-02-11T18:41:17 Deadline=N/A
   PreemptEligibleTime=2022-02-08T18:42:17 PreemptTime=None
   SuspendTime=None SecsPreSuspend=0 LastSchedEval=2022-02-08T18:41:17
   Partition=gpu-2080ti AllocNode:Sid=bg-slurmb-login1:9258
   ReqNodeList=(null) ExcNodeList=(null)
   NodeList=slurm-bm-38
   BatchHost=slurm-bm-38
   NumNodes=1 NumCPUs=64 NumTasks=1 CPUs/Task=64 ReqB:S:C:T=0:0:*:*
   TRES=cpu=64,mem=70G,node=1,billing=17
   Socks/Node=* NtasksPerN:B:S:C=0:0:*:* CoreSpec=*
   MinCPUsNode=64 MinMemoryNode=70G MinTmpDiskNode=0
   Features=(null) DelayBoot=00:00:00
   OverSubscribe=OK Contiguous=0 Licenses=(null) Network=(null)
   Command=/mnt/qb/home/macke/kanderer29/sbi_for_eeg_data/code/script.sh
   WorkDir=/mnt/qb/home/macke/kanderer29/sbi_for_eeg_data/code
   StdErr=/mnt/qb/home/macke/kanderer29/sbi_for_eeg_data/code/hostname_1165776.err
   StdIn=/dev/null
   StdOut=/mnt/qb/home/macke/kanderer29/sbi_for_eeg_data/code/hostname_1165776.out
   Power=
   MailUser=k.anderer@t-online.de MailType=END
   NtasksPerTRES:0

[Parallel(n_jobs=64)]: Using backend MultiprocessingBackend with 64 concurrent workers.
[Parallel(n_jobs=64)]: Done   1 tasks      | elapsed:   53.2s
[Parallel(n_jobs=64)]: Done   1 out of   1 | elapsed:   53.2s finished
/mnt/qb/work/macke/kanderer29/results/10000_multi_round_num_params_17newparams
mkdir file
early stop 170.0
param size  17
early stop 170.0
param size  17
joblib will run over 1 jobs
Loading custom mechanism files from /home/macke/kanderer29/.conda/envs/sbi/lib/python3.7/site-packages/hnn_core/mod/x86_64/.libs/libnrnmech.so
Building the NEURON model
[Done]
running trial 1 on 1 cores
Simulation time: 0.03 ms...
Simulation time: 10.0 ms...
Simulation time: 20.0 ms...
Simulation time: 30.0 ms...
Simulation time: 40.0 ms...
Simulation time: 50.0 ms...
Simulation time: 60.0 ms...
Simulation time: 70.0 ms...
Simulation time: 80.0 ms...
Simulation time: 90.0 ms...
Simulation time: 100.0 ms...
Simulation time: 110.0 ms...
Simulation time: 120.0 ms...
Simulation time: 130.0 ms...
Simulation time: 140.0 ms...
Simulation time: 150.0 ms...
Simulation time: 160.0 ms...
