JobId=1150386 JobName=script.sh
   UserId=kanderer29(4373) GroupId=macke(4017) MCS_label=N/A
   Priority=57540 Nice=0 Account=macke QOS=normal
   JobState=RUNNING Reason=None Dependency=(null)
   Requeue=1 Restarts=0 BatchFlag=1 Reboot=0 ExitCode=0:0
   RunTime=00:00:01 TimeLimit=12:00:00 TimeMin=N/A
   SubmitTime=2022-02-01T00:12:05 EligibleTime=2022-02-01T00:12:05
   AccrueTime=2022-02-01T00:12:05
   StartTime=2022-02-01T00:12:05 EndTime=2022-02-01T12:12:05 Deadline=N/A
   PreemptEligibleTime=2022-02-01T00:13:05 PreemptTime=None
   SuspendTime=None SecsPreSuspend=0 LastSchedEval=2022-02-01T00:12:05
   Partition=cpu-short AllocNode:Sid=bg-slurmb-login1:9258
   ReqNodeList=(null) ExcNodeList=(null)
   NodeList=slurm-cpu-hm-2
   BatchHost=slurm-cpu-hm-2
   NumNodes=1 NumCPUs=64 NumTasks=1 CPUs/Task=64 ReqB:S:C:T=0:0:*:*
   TRES=cpu=64,mem=70G,node=1,billing=13
   Socks/Node=* NtasksPerN:B:S:C=0:0:*:* CoreSpec=*
   MinCPUsNode=64 MinMemoryNode=70G MinTmpDiskNode=0
   Features=(null) DelayBoot=00:00:00
   OverSubscribe=OK Contiguous=0 Licenses=(null) Network=(null)
   Command=/mnt/qb/home/macke/kanderer29/sbi_for_eeg_data/code/script.sh
   WorkDir=/mnt/qb/home/macke/kanderer29/sbi_for_eeg_data/code
   StdErr=/mnt/qb/home/macke/kanderer29/sbi_for_eeg_data/code/hostname_1150386.err
   StdIn=/dev/null
   StdOut=/mnt/qb/home/macke/kanderer29/sbi_for_eeg_data/code/hostname_1150386.out
   Power=
   MailUser=k.anderer@t-online.de MailType=END
   NtasksPerTRES:0

/mnt/qb/work/macke/kanderer29/results/10000_sims_17_params
file exists
step files exist
/mnt/qb/work/macke/kanderer29/results/10000_sims_17_params
/mnt/qb/work/macke/kanderer29
