JobId=1087705 JobName=script.sh
   UserId=kanderer29(4373) GroupId=macke(4017) MCS_label=N/A
   Priority=70810 Nice=0 Account=macke QOS=normal
   JobState=RUNNING Reason=None Dependency=(null)
   Requeue=1 Restarts=0 BatchFlag=1 Reboot=0 ExitCode=0:0
   RunTime=00:00:01 TimeLimit=01:00:00 TimeMin=N/A
   SubmitTime=2022-01-05T11:02:08 EligibleTime=2022-01-05T11:02:08
   AccrueTime=2022-01-05T11:02:08
   StartTime=2022-01-05T11:02:08 EndTime=2022-01-05T12:02:08 Deadline=N/A
   PreemptEligibleTime=2022-01-05T11:03:08 PreemptTime=None
   SuspendTime=None SecsPreSuspend=0 LastSchedEval=2022-01-05T11:02:08
   Partition=cpu-short AllocNode:Sid=bg-slurmb-login1:24057
   ReqNodeList=(null) ExcNodeList=(null)
   NodeList=slurm-cpu-hm-5
   BatchHost=slurm-cpu-hm-5
   NumNodes=1 NumCPUs=10 NumTasks=1 CPUs/Task=10 ReqB:S:C:T=0:0:*:*
   TRES=cpu=10,mem=50G,node=1,billing=2
   Socks/Node=* NtasksPerN:B:S:C=0:0:*:* CoreSpec=*
   MinCPUsNode=10 MinMemoryNode=50G MinTmpDiskNode=0
   Features=(null) DelayBoot=00:00:00
   OverSubscribe=OK Contiguous=0 Licenses=(null) Network=(null)
   Command=/mnt/qb/home/macke/kanderer29/sbi_for_eeg_data/code/script.sh
   WorkDir=/mnt/qb/home/macke/kanderer29/sbi_for_eeg_data/code
   StdErr=/mnt/qb/home/macke/kanderer29/sbi_for_eeg_data/code/hostname_1087705.err
   StdIn=/dev/null
   StdOut=/mnt/qb/home/macke/kanderer29/sbi_for_eeg_data/code/hostname_1087705.out
   Power=
   MailUser=k.anderer@t-online.de MailType=END
   NtasksPerTRES:0

