JobId=1107435 JobName=script.sh
   UserId=kanderer29(4373) GroupId=macke(4017) MCS_label=N/A
   Priority=67830 Nice=0 Account=macke QOS=normal
   JobState=RUNNING Reason=None Dependency=(null)
   Requeue=1 Restarts=0 BatchFlag=1 Reboot=0 ExitCode=0:0
   RunTime=00:00:01 TimeLimit=1-00:00:00 TimeMin=N/A
   SubmitTime=2022-01-09T23:59:09 EligibleTime=2022-01-09T23:59:09
   AccrueTime=2022-01-09T23:59:09
   StartTime=2022-01-09T23:59:09 EndTime=2022-01-10T23:59:09 Deadline=N/A
   PreemptEligibleTime=2022-01-10T00:00:09 PreemptTime=None
   SuspendTime=None SecsPreSuspend=0 LastSchedEval=2022-01-09T23:59:09
   Partition=cpu-long AllocNode:Sid=bg-slurmb-login1:13969
   ReqNodeList=(null) ExcNodeList=(null)
   NodeList=slurm-cpu-hm-1
   BatchHost=slurm-cpu-hm-1
   NumNodes=1 NumCPUs=20 NumTasks=1 CPUs/Task=20 ReqB:S:C:T=0:0:*:*
   TRES=cpu=20,mem=50G,node=1,billing=3
   Socks/Node=* NtasksPerN:B:S:C=0:0:*:* CoreSpec=*
   MinCPUsNode=20 MinMemoryNode=50G MinTmpDiskNode=0
   Features=(null) DelayBoot=00:00:00
   OverSubscribe=OK Contiguous=0 Licenses=(null) Network=(null)
   Command=/mnt/qb/home/macke/kanderer29/sbi_for_eeg_data/code/script.sh
   WorkDir=/mnt/qb/home/macke/kanderer29/sbi_for_eeg_data/code
   StdErr=/mnt/qb/home/macke/kanderer29/sbi_for_eeg_data/code/hostname_1107435.err
   StdIn=/dev/null
   StdOut=/mnt/qb/home/macke/kanderer29/sbi_for_eeg_data/code/hostname_1107435.out
   Power=
   MailUser=k.anderer@t-online.de MailType=END
   NtasksPerTRES:0

new experiment
current working path: /mnt/qb/home/macke/kanderer29/sbi_for_eeg_data/code
