JobId=1318920 JobName=script.sh
   UserId=kanderer29(4373) GroupId=macke(4017) MCS_label=N/A
   Priority=47208 Nice=0 Account=macke QOS=normal
   JobState=RUNNING Reason=None Dependency=(null)
   Requeue=1 Restarts=0 BatchFlag=1 Reboot=0 ExitCode=0:0
   RunTime=00:00:00 TimeLimit=3-00:00:00 TimeMin=N/A
   SubmitTime=2022-03-22T10:37:18 EligibleTime=2022-03-22T10:37:18
   AccrueTime=2022-03-22T10:37:19
   StartTime=2022-03-22T10:37:19 EndTime=2022-03-25T10:37:19 Deadline=N/A
   PreemptEligibleTime=2022-03-22T10:38:19 PreemptTime=None
   SuspendTime=None SecsPreSuspend=0 LastSchedEval=2022-03-22T10:37:19
   Partition=cpu-long AllocNode:Sid=bg-slurmb-login1:27863
   ReqNodeList=(null) ExcNodeList=(null)
   NodeList=slurm-cpu-hm-1
   BatchHost=slurm-cpu-hm-1
   NumNodes=1 NumCPUs=40 NumTasks=1 CPUs/Task=40 ReqB:S:C:T=0:0:*:*
   TRES=cpu=40,mem=70G,node=1,billing=7
   Socks/Node=* NtasksPerN:B:S:C=0:0:*:* CoreSpec=*
   MinCPUsNode=40 MinMemoryNode=70G MinTmpDiskNode=0
   Features=(null) DelayBoot=00:00:00
   OverSubscribe=OK Contiguous=0 Licenses=(null) Network=(null)
   Command=/mnt/qb/home/macke/kanderer29/sbi_for_eeg_data/code/script.sh
   WorkDir=/mnt/qb/home/macke/kanderer29/sbi_for_eeg_data/code
   StdErr=/mnt/qb/home/macke/kanderer29/sbi_for_eeg_data/code/hostname_1318920.err
   StdIn=/dev/null
   StdOut=/mnt/qb/home/macke/kanderer29/sbi_for_eeg_data/code/hostname_1318920.out
   Power=
   MailUser=k.anderer@t-online.de MailType=END
   NtasksPerTRES:0

tensor([[2.7700e-01, 3.9900e-02, 6.2440e-01, 3.7390e-01, 0.0000e+00, 1.8977e+01,
         1.2000e-05, 1.1500e-02, 1.3400e-02, 7.6700e-02, 6.3370e-02, 6.3080e+01,
         4.6729e+00, 2.3300e+00, 1.6733e-02, 6.7900e-02, 1.2086e+02]])
[Parallel(n_jobs=1)]: Using backend SequentialBackend with 1 concurrent workers.
early stop 200.0
param size  17
joblib will run over 1 jobs
Loading custom mechanism files from /home/macke/kanderer29/.conda/envs/sbi/lib/python3.7/site-packages/hnn_core/mod/x86_64/.libs/libnrnmech.so
Building the NEURON model
[Done]
running trial 1 on 1 cores
Simulation time: 0.03 ms...
Simulation time: 10.0 ms...
Simulation time: 20.0 ms...
Simulation time: 30.0 ms...
Simulation time: 40.0 ms...
Simulation time: 50.0 ms...
Simulation time: 60.0 ms...
Simulation time: 70.0 ms...
Simulation time: 80.0 ms...
Simulation time: 90.0 ms...
Simulation time: 100.0 ms...
Simulation time: 110.0 ms...
Simulation time: 120.0 ms...
Simulation time: 130.0 ms...
Simulation time: 140.0 ms...
Simulation time: 150.0 ms...
Simulation time: 160.0 ms...
Simulation time: 170.0 ms...
Simulation time: 180.0 ms...
Simulation time: 190.0 ms...
obs [-0.64714925 -0.6184516  -0.64212306 ... 11.06297317 11.0665675
 10.86232408]
[Parallel(n_jobs=1)]: Done   1 out of   1 | elapsed:  1.1min remaining:    0.0s
[Parallel(n_jobs=1)]: Done   1 out of   1 | elapsed:  1.1min finished
x tensor([-0.6471, -0.6185, -0.6421,  ..., 11.0630, 11.0666, 10.8623],
       dtype=torch.float64)
sum stats shape torch.Size([41])
file exists
dim=1
early stop 200.0
param size  17
early stop 200.0
param size  17
joblib will run over 1 jobs
Building the NEURON model
[Done]
running trial 1 on 1 cores
Simulation time: 0.03 ms...
Simulation time: 10.0 ms...
Simulation time: 20.0 ms...
Simulation time: 30.0 ms...
Simulation time: 40.0 ms...
Simulation time: 50.0 ms...
Simulation time: 60.0 ms...
Simulation time: 70.0 ms...
Simulation time: 80.0 ms...
Simulation time: 90.0 ms...
Simulation time: 100.0 ms...
Simulation time: 110.0 ms...
Simulation time: 120.0 ms...
Simulation time: 130.0 ms...
Simulation time: 140.0 ms...
Simulation time: 150.0 ms...
Simulation time: 160.0 ms...
Simulation time: 170.0 ms...
Simulation time: 180.0 ms...
Simulation time: 190.0 ms...
obs [-0.54229292 -0.51332459 -0.56599524 ... 27.02396058 27.0448135
 26.89363011]
prep part done
